<?xml version="1.0" encoding="UTF-8"?>
<testng-results ignored="0" total="1" passed="1" failed="0" skipped="0">
  <reporter-output>
  </reporter-output>
  <suite started-at="2025-06-19T12:12:52 CEST" name="Default suite" finished-at="2025-06-19T12:12:52 CEST" duration-ms="384">
    <groups>
    </groups>
    <test started-at="2025-06-19T12:12:52 CEST" name="Default test" finished-at="2025-06-19T12:12:52 CEST" duration-ms="384">
      <class name="StoredFunctionTesting.SFTesting">
        <test-method is-config="true" signature="setup()[pri:0, instance:StoredFunctionTesting.SFTesting@36fc695d]" started-at="2025-06-19T12:12:52 CEST" name="setup" finished-at="2025-06-19T12:12:52 CEST" duration-ms="297" status="PASS">
          <reporter-output>
          </reporter-output>
        </test-method> <!-- setup -->
        <test-method signature="test_customerLevel_with_SQLStament()[pri:2, instance:StoredFunctionTesting.SFTesting@36fc695d]" started-at="2025-06-19T12:12:52 CEST" name="test_customerLevel_with_SQLStament" finished-at="2025-06-19T12:12:52 CEST" duration-ms="38" status="PASS">
          <reporter-output>
          </reporter-output>
        </test-method> <!-- test_customerLevel_with_SQLStament -->
        <test-method is-config="true" signature="tearDown()[pri:0, instance:StoredFunctionTesting.SFTesting@36fc695d]" started-at="2025-06-19T12:12:52 CEST" name="tearDown" finished-at="2025-06-19T12:12:52 CEST" duration-ms="2" status="PASS">
          <reporter-output>
          </reporter-output>
        </test-method> <!-- tearDown -->
      </class> <!-- StoredFunctionTesting.SFTesting -->
    </test> <!-- Default test -->
  </suite> <!-- Default suite -->
</testng-results>
